[2022-10-25 04:47:08] local.ERROR: SQLSTATE[HY000] [1049] Unknown database 'db_a3.2000024' (SQL: select * from information_schema.tables where table_schema = db_A3.2000024 and table_name = migrations and table_type = 'BASE TABLE') {"exception":"[object] (Illuminate\\Database\\QueryException(code: 1049): SQLSTATE[HY000] [1049] Unknown database 'db_a3.2000024' (SQL: select * from information_schema.tables where table_schema = db_A3.2000024 and table_name = migrations and table_type = 'BASE TABLE') at C:\\KULIAH\\KULIAH SEMESTER 5\\SISTEM INFORMASI BERBASIS WEB\\My repository\\A3.2000024\\A3.2000024\\SIBW-A3.2000024\\vendor\\laravel\\framework\\src\\Illuminate\\Database\\Connection.php:760)
[stacktrace]
#0 C:\\KULIAH\\KULIAH SEMESTER 5\\SISTEM INFORMASI BERBASIS WEB\\My repository\\A3.2000024\\A3.2000024\\SIBW-A3.2000024\\vendor\\laravel\\framework\\src\\Illuminate\\Database\\Connection.php(720): Illuminate\\Database\\Connection->runQueryCallback('select * from i...', Array, Object(Closure))
#1 C:\\KULIAH\\KULIAH SEMESTER 5\\SISTEM INFORMASI BERBASIS WEB\\My repository\\A3.2000024\\A3.2000024\\SIBW-A3.2000024\\vendor\\laravel\\framework\\src\\Illuminate\\Database\\Connection.php(422): Illuminate\\Database\\Connection->run('select * from i...', Array, Object(Closure))
#2 C:\\KULIAH\\KULIAH SEMESTER 5\\SISTEM INFORMASI BERBASIS WEB\\My repository\\A3.2000024\\A3.2000024\\SIBW-A3.2000024\\vendor\\laravel\\framework\\src\\Illuminate\\Database\\Schema\\MySqlBuilder.php(44): Illuminate\\Database\\Connection->select('select * from i...', Array)
#3 C:\\KULIAH\\KULIAH SEMESTER 5\\SISTEM INFORMASI BERBASIS WEB\\My repository\\A3.2000024\\A3.2000024\\SIBW-A3.2000024\\vendor\\laravel\\framework\\src\\Illuminate\\Database\\Migrations\\DatabaseMigrationRepository.php(169): Illuminate\\Database\\Schema\\MySqlBuilder->hasTable('migrations')
#4 C:\\KULIAH\\KULIAH SEMESTER 5\\SISTEM INFORMASI BERBASIS WEB\\My repository\\A3.2000024\\A3.2000024\\SIBW-A3.2000024\\vendor\\laravel\\framework\\src\\Illuminate\\Database\\Migrations\\Migrator.php(683): Illuminate\\Database\\Migrations\\DatabaseMigrationRepository->repositoryExists()
#5 C:\\KULIAH\\KULIAH SEMESTER 5\\SISTEM INFORMASI BERBASIS WEB\\My repository\\A3.2000024\\A3.2000024\\SIBW-A3.2000024\\vendor\\laravel\\framework\\src\\Illuminate\\Database\\Console\\Migrations\\MigrateCommand.php(138): Illuminate\\Database\\Migrations\\Migrator->repositoryExists()
#6 C:\\KULIAH\\KULIAH SEMESTER 5\\SISTEM INFORMASI BERBASIS WEB\\My repository\\A3.2000024\\A3.2000024\\SIBW-A3.2000024\\vendor\\laravel\\framework\\src\\Illuminate\\Support\\helpers.php(247): Illuminate\\Database\\Console\\Migrations\\MigrateCommand->Illuminate\\Database\\Console\\Migrations\\{closure}(1)
#7 C:\\KULIAH\\KULIAH SEMESTER 5\\SISTEM INFORMASI BERBASIS WEB\\My repository\\A3.2000024\\A3.2000024\\SIBW-A3.2000024\\vendor\\laravel\\framework\\src\\Illuminate\\Database\\Console\\Migrations\\MigrateCommand.php(157): retry(1, Object(Closure), 0, Object(Closure))
#8 C:\\KULIAH\\KULIAH SEMESTER 5\\SISTEM INFORMASI BERBASIS WEB\\My repository\\A3.2000024\\A3.2000024\\SIBW-A3.2000024\\vendor\\laravel\\framework\\src\\Illuminate\\Database\\Console\\Migrations\\MigrateCommand.php(114): Illuminate\\Database\\Console\\Migrations\\MigrateCommand->repositoryExists()
#9 C:\\KULIAH\\KULIAH SEMESTER 5\\SISTEM INFORMASI BERBASIS WEB\\My repository\\A3.2000024\\A3.2000024\\SIBW-A3.2000024\\vendor\\laravel\\framework\\src\\Illuminate\\Database\\Console\\Migrations\\MigrateCommand.php(82): Illuminate\\Database\\Console\\Migrations\\MigrateCommand->prepareDatabase()
#10 C:\\KULIAH\\KULIAH SEMESTER 5\\SISTEM INFORMASI BERBASIS WEB\\My repository\\A3.2000024\\A3.2000024\\SIBW-A3.2000024\\vendor\\laravel\\framework\\src\\Illuminate\\Database\\Migrations\\Migrator.php(616): Illuminate\\Database\\Console\\Migrations\\MigrateCommand->Illuminate\\Database\\Console\\Migrations\\{closure}()
#11 C:\\KULIAH\\KULIAH SEMESTER 5\\SISTEM INFORMASI BERBASIS WEB\\My repository\\A3.2000024\\A3.2000024\\SIBW-A3.2000024\\vendor\\laravel\\framework\\src\\Illuminate\\Database\\Console\\Migrations\\MigrateCommand.php(102): Illuminate\\Database\\Migrations\\Migrator->usingConnection(NULL, Object(Closure))
#12 C:\\KULIAH\\KULIAH SEMESTER 5\\SISTEM INFORMASI BERBASIS WEB\\My repository\\A3.2000024\\A3.2000024\\SIBW-A3.2000024\\vendor\\laravel\\framework\\src\\Illuminate\\Container\\BoundMethod.php(36): Illuminate\\Database\\Console\\Migrations\\MigrateCommand->handle()
#13 C:\\KULIAH\\KULIAH SEMESTER 5\\SISTEM INFORMASI BERBASIS WEB\\My repository\\A3.2000024\\A3.2000024\\SIBW-A3.2000024\\vendor\\laravel\\framework\\src\\Illuminate\\Container\\Util.php(41): Illuminate\\Container\\BoundMethod::Illuminate\\Container\\{closure}()
#14 C:\\KULIAH\\KULIAH SEMESTER 5\\SISTEM INFORMASI BERBASIS WEB\\My repository\\A3.2000024\\A3.2000024\\SIBW-A3.2000024\\vendor\\laravel\\framework\\src\\Illuminate\\Container\\BoundMethod.php(93): Illuminate\\Container\\Util::unwrapIfClosure(Object(Closure))
#15 C:\\KULIAH\\KULIAH SEMESTER 5\\SISTEM INFORMASI BERBASIS WEB\\My repository\\A3.2000024\\A3.2000024\\SIBW-A3.2000024\\vendor\\laravel\\framework\\src\\Illuminate\\Container\\BoundMethod.php(37): Illuminate\\Container\\BoundMethod::callBoundMethod(Object(Illuminate\\Foundation\\Application), Array, Object(Closure))
#16 C:\\KULIAH\\KULIAH SEMESTER 5\\SISTEM INFORMASI BERBASIS WEB\\My repository\\A3.2000024\\A3.2000024\\SIBW-A3.2000024\\vendor\\laravel\\framework\\src\\Illuminate\\Container\\Container.php(651): Illuminate\\Container\\BoundMethod::call(Object(Illuminate\\Foundation\\Application), Array, Array, NULL)
#17 C:\\KULIAH\\KULIAH SEMESTER 5\\SISTEM INFORMASI BERBASIS WEB\\My repository\\A3.2000024\\A3.2000024\\SIBW-A3.2000024\\vendor\\laravel\\framework\\src\\Illuminate\\Console\\Command.php(144): Illuminate\\Container\\Container->call(Array)
#18 C:\\KULIAH\\KULIAH SEMESTER 5\\SISTEM INFORMASI BERBASIS WEB\\My repository\\A3.2000024\\A3.2000024\\SIBW-A3.2000024\\vendor\\symfony\\console\\Command\\Command.php(308): Illuminate\\Console\\Command->execute(Object(Symfony\\Component\\Console\\Input\\ArgvInput), Object(Illuminate\\Console\\OutputStyle))
#19 C:\\KULIAH\\KULIAH SEMESTER 5\\SISTEM INFORMASI BERBASIS WEB\\My repository\\A3.2000024\\A3.2000024\\SIBW-A3.2000024\\vendor\\laravel\\framework\\src\\Illuminate\\Console\\Command.php(126): Symfony\\Component\\Console\\Command\\Command->run(Object(Symfony\\Component\\Console\\Input\\ArgvInput), Object(Illuminate\\Console\\OutputStyle))
#20 C:\\KULIAH\\KULIAH SEMESTER 5\\SISTEM INFORMASI BERBASIS WEB\\My repository\\A3.2000024\\A3.2000024\\SIBW-A3.2000024\\vendor\\symfony\\console\\Application.php(1002): Illuminate\\Console\\Command->run(Object(Symfony\\Component\\Console\\Input\\ArgvInput), Object(Symfony\\Component\\Console\\Output\\ConsoleOutput))
#21 C:\\KULIAH\\KULIAH SEMESTER 5\\SISTEM INFORMASI BERBASIS WEB\\My repository\\A3.2000024\\A3.2000024\\SIBW-A3.2000024\\vendor\\symfony\\console\\Application.php(299): Symfony\\Component\\Console\\Application->doRunCommand(Object(Illuminate\\Database\\Console\\Migrations\\MigrateCommand), Object(Symfony\\Component\\Console\\Input\\ArgvInput), Object(Symfony\\Component\\Console\\Output\\ConsoleOutput))
#22 C:\\KULIAH\\KULIAH SEMESTER 5\\SISTEM INFORMASI BERBASIS WEB\\My repository\\A3.2000024\\A3.2000024\\SIBW-A3.2000024\\vendor\\symfony\\console\\Application.php(171): Symfony\\Component\\Console\\Application->doRun(Object(Symfony\\Component\\Console\\Input\\ArgvInput), Object(Symfony\\Component\\Console\\Output\\ConsoleOutput))
#23 C:\\KULIAH\\KULIAH SEMESTER 5\\SISTEM INFORMASI BERBASIS WEB\\My repository\\A3.2000024\\A3.2000024\\SIBW-A3.2000024\\vendor\\laravel\\framework\\src\\Illuminate\\Console\\Application.php(102): Symfony\\Component\\Console\\Application->run(Object(Symfony\\Component\\Console\\Input\\ArgvInput), Object(Symfony\\Component\\Console\\Output\\ConsoleOutput))
#24 C:\\KULIAH\\KULIAH SEMESTER 5\\SISTEM INFORMASI BERBASIS WEB\\My repository\\A3.2000024\\A3.2000024\\SIBW-A3.2000024\\vendor\\laravel\\framework\\src\\Illuminate\\Foundation\\Console\\Kernel.php(155): Illuminate\\Console\\Application->run(Object(Symfony\\Component\\Console\\Input\\ArgvInput), Object(Symfony\\Component\\Console\\Output\\ConsoleOutput))
#25 C:\\KULIAH\\KULIAH SEMESTER 5\\SISTEM INFORMASI BERBASIS WEB\\My repository\\A3.2000024\\A3.2000024\\SIBW-A3.2000024\\artisan(37): Illuminate\\Foundation\\Console\\Kernel->handle(Object(Symfony\\Component\\Console\\Input\\ArgvInput), Object(Symfony\\Component\\Console\\Output\\ConsoleOutput))
#26 {main}

[previous exception] [object] (PDOException(code: 1049): SQLSTATE[HY000] [1049] Unknown database 'db_a3.2000024' at C:\\KULIAH\\KULIAH SEMESTER 5\\SISTEM INFORMASI BERBASIS WEB\\My repository\\A3.2000024\\A3.2000024\\SIBW-A3.2000024\\vendor\\laravel\\framework\\src\\Illuminate\\Database\\Connectors\\Connector.php:70)
[stacktrace]
#0 C:\\KULIAH\\KULIAH SEMESTER 5\\SISTEM INFORMASI BERBASIS WEB\\My repository\\A3.2000024\\A3.2000024\\SIBW-A3.2000024\\vendor\\laravel\\framework\\src\\Illuminate\\Database\\Connectors\\Connector.php(70): PDO->__construct('mysql:host=127....', 'root', '', Array)
#1 C:\\KULIAH\\KULIAH SEMESTER 5\\SISTEM INFORMASI BERBASIS WEB\\My repository\\A3.2000024\\A3.2000024\\SIBW-A3.2000024\\vendor\\laravel\\framework\\src\\Illuminate\\Database\\Connectors\\Connector.php(46): Illuminate\\Database\\Connectors\\Connector->createPdoConnection('mysql:host=127....', 'root', '', Array)
#2 C:\\KULIAH\\KULIAH SEMESTER 5\\SISTEM INFORMASI BERBASIS WEB\\My repository\\A3.2000024\\A3.2000024\\SIBW-A3.2000024\\vendor\\laravel\\framework\\src\\Illuminate\\Database\\Connectors\\MySqlConnector.php(24): Illuminate\\Database\\Connectors\\Connector->createConnection('mysql:host=127....', Array, Array)
#3 C:\\KULIAH\\KULIAH SEMESTER 5\\SISTEM INFORMASI BERBASIS WEB\\My repository\\A3.2000024\\A3.2000024\\SIBW-A3.2000024\\vendor\\laravel\\framework\\src\\Illuminate\\Database\\Connectors\\ConnectionFactory.php(184): Illuminate\\Database\\Connectors\\MySqlConnector->connect(Array)
#4 [internal function]: Illuminate\\Database\\Connectors\\ConnectionFactory->Illuminate\\Database\\Connectors\\{closure}()
#5 C:\\KULIAH\\KULIAH SEMESTER 5\\SISTEM INFORMASI BERBASIS WEB\\My repository\\A3.2000024\\A3.2000024\\SIBW-A3.2000024\\vendor\\laravel\\framework\\src\\Illuminate\\Database\\Connection.php(1171): call_user_func(Object(Closure))
#6 C:\\KULIAH\\KULIAH SEMESTER 5\\SISTEM INFORMASI BERBASIS WEB\\My repository\\A3.2000024\\A3.2000024\\SIBW-A3.2000024\\vendor\\laravel\\framework\\src\\Illuminate\\Database\\Connection.php(1207): Illuminate\\Database\\Connection->getPdo()
#7 C:\\KULIAH\\KULIAH SEMESTER 5\\SISTEM INFORMASI BERBASIS WEB\\My repository\\A3.2000024\\A3.2000024\\SIBW-A3.2000024\\vendor\\laravel\\framework\\src\\Illuminate\\Database\\Connection.php(486): Illuminate\\Database\\Connection->getReadPdo()
#8 C:\\KULIAH\\KULIAH SEMESTER 5\\SISTEM INFORMASI BERBASIS WEB\\My repository\\A3.2000024\\A3.2000024\\SIBW-A3.2000024\\vendor\\laravel\\framework\\src\\Illuminate\\Database\\Connection.php(414): Illuminate\\Database\\Connection->getPdoForSelect(true)
#9 C:\\KULIAH\\KULIAH SEMESTER 5\\SISTEM INFORMASI BERBASIS WEB\\My repository\\A3.2000024\\A3.2000024\\SIBW-A3.2000024\\vendor\\laravel\\framework\\src\\Illuminate\\Database\\Connection.php(753): Illuminate\\Database\\Connection->Illuminate\\Database\\{closure}('select * from i...', Array)
#10 C:\\KULIAH\\KULIAH SEMESTER 5\\SISTEM INFORMASI BERBASIS WEB\\My repository\\A3.2000024\\A3.2000024\\SIBW-A3.2000024\\vendor\\laravel\\framework\\src\\Illuminate\\Database\\Connection.php(720): Illuminate\\Database\\Connection->runQueryCallback('select * from i...', Array, Object(Closure))
#11 C:\\KULIAH\\KULIAH SEMESTER 5\\SISTEM INFORMASI BERBASIS WEB\\My repository\\A3.2000024\\A3.2000024\\SIBW-A3.2000024\\vendor\\laravel\\framework\\src\\Illuminate\\Database\\Connection.php(422): Illuminate\\Database\\Connection->run('select * from i...', Array, Object(Closure))
#12 C:\\KULIAH\\KULIAH SEMESTER 5\\SISTEM INFORMASI BERBASIS WEB\\My repository\\A3.2000024\\A3.2000024\\SIBW-A3.2000024\\vendor\\laravel\\framework\\src\\Illuminate\\Database\\Schema\\MySqlBuilder.php(44): Illuminate\\Database\\Connection->select('select * from i...', Array)
#13 C:\\KULIAH\\KULIAH SEMESTER 5\\SISTEM INFORMASI BERBASIS WEB\\My repository\\A3.2000024\\A3.2000024\\SIBW-A3.2000024\\vendor\\laravel\\framework\\src\\Illuminate\\Database\\Migrations\\DatabaseMigrationRepository.php(169): Illuminate\\Database\\Schema\\MySqlBuilder->hasTable('migrations')
#14 C:\\KULIAH\\KULIAH SEMESTER 5\\SISTEM INFORMASI BERBASIS WEB\\My repository\\A3.2000024\\A3.2000024\\SIBW-A3.2000024\\vendor\\laravel\\framework\\src\\Illuminate\\Database\\Migrations\\Migrator.php(683): Illuminate\\Database\\Migrations\\DatabaseMigrationRepository->repositoryExists()
#15 C:\\KULIAH\\KULIAH SEMESTER 5\\SISTEM INFORMASI BERBASIS WEB\\My repository\\A3.2000024\\A3.2000024\\SIBW-A3.2000024\\vendor\\laravel\\framework\\src\\Illuminate\\Database\\Console\\Migrations\\MigrateCommand.php(138): Illuminate\\Database\\Migrations\\Migrator->repositoryExists()
#16 C:\\KULIAH\\KULIAH SEMESTER 5\\SISTEM INFORMASI BERBASIS WEB\\My repository\\A3.2000024\\A3.2000024\\SIBW-A3.2000024\\vendor\\laravel\\framework\\src\\Illuminate\\Support\\helpers.php(247): Illuminate\\Database\\Console\\Migrations\\MigrateCommand->Illuminate\\Database\\Console\\Migrations\\{closure}(1)
#17 C:\\KULIAH\\KULIAH SEMESTER 5\\SISTEM INFORMASI BERBASIS WEB\\My repository\\A3.2000024\\A3.2000024\\SIBW-A3.2000024\\vendor\\laravel\\framework\\src\\Illuminate\\Database\\Console\\Migrations\\MigrateCommand.php(157): retry(1, Object(Closure), 0, Object(Closure))
#18 C:\\KULIAH\\KULIAH SEMESTER 5\\SISTEM INFORMASI BERBASIS WEB\\My repository\\A3.2000024\\A3.2000024\\SIBW-A3.2000024\\vendor\\laravel\\framework\\src\\Illuminate\\Database\\Console\\Migrations\\MigrateCommand.php(114): Illuminate\\Database\\Console\\Migrations\\MigrateCommand->repositoryExists()
#19 C:\\KULIAH\\KULIAH SEMESTER 5\\SISTEM INFORMASI BERBASIS WEB\\My repository\\A3.2000024\\A3.2000024\\SIBW-A3.2000024\\vendor\\laravel\\framework\\src\\Illuminate\\Database\\Console\\Migrations\\MigrateCommand.php(82): Illuminate\\Database\\Console\\Migrations\\MigrateCommand->prepareDatabase()
#20 C:\\KULIAH\\KULIAH SEMESTER 5\\SISTEM INFORMASI BERBASIS WEB\\My repository\\A3.2000024\\A3.2000024\\SIBW-A3.2000024\\vendor\\laravel\\framework\\src\\Illuminate\\Database\\Migrations\\Migrator.php(616): Illuminate\\Database\\Console\\Migrations\\MigrateCommand->Illuminate\\Database\\Console\\Migrations\\{closure}()
#21 C:\\KULIAH\\KULIAH SEMESTER 5\\SISTEM INFORMASI BERBASIS WEB\\My repository\\A3.2000024\\A3.2000024\\SIBW-A3.2000024\\vendor\\laravel\\framework\\src\\Illuminate\\Database\\Console\\Migrations\\MigrateCommand.php(102): Illuminate\\Database\\Migrations\\Migrator->usingConnection(NULL, Object(Closure))
#22 C:\\KULIAH\\KULIAH SEMESTER 5\\SISTEM INFORMASI BERBASIS WEB\\My repository\\A3.2000024\\A3.2000024\\SIBW-A3.2000024\\vendor\\laravel\\framework\\src\\Illuminate\\Container\\BoundMethod.php(36): Illuminate\\Database\\Console\\Migrations\\MigrateCommand->handle()
#23 C:\\KULIAH\\KULIAH SEMESTER 5\\SISTEM INFORMASI BERBASIS WEB\\My repository\\A3.2000024\\A3.2000024\\SIBW-A3.2000024\\vendor\\laravel\\framework\\src\\Illuminate\\Container\\Util.php(41): Illuminate\\Container\\BoundMethod::Illuminate\\Container\\{closure}()
#24 C:\\KULIAH\\KULIAH SEMESTER 5\\SISTEM INFORMASI BERBASIS WEB\\My repository\\A3.2000024\\A3.2000024\\SIBW-A3.2000024\\vendor\\laravel\\framework\\src\\Illuminate\\Container\\BoundMethod.php(93): Illuminate\\Container\\Util::unwrapIfClosure(Object(Closure))
#25 C:\\KULIAH\\KULIAH SEMESTER 5\\SISTEM INFORMASI BERBASIS WEB\\My repository\\A3.2000024\\A3.2000024\\SIBW-A3.2000024\\vendor\\laravel\\framework\\src\\Illuminate\\Container\\BoundMethod.php(37): Illuminate\\Container\\BoundMethod::callBoundMethod(Object(Illuminate\\Foundation\\Application), Array, Object(Closure))
#26 C:\\KULIAH\\KULIAH SEMESTER 5\\SISTEM INFORMASI BERBASIS WEB\\My repository\\A3.2000024\\A3.2000024\\SIBW-A3.2000024\\vendor\\laravel\\framework\\src\\Illuminate\\Container\\Container.php(651): Illuminate\\Container\\BoundMethod::call(Object(Illuminate\\Foundation\\Application), Array, Array, NULL)
#27 C:\\KULIAH\\KULIAH SEMESTER 5\\SISTEM INFORMASI BERBASIS WEB\\My repository\\A3.2000024\\A3.2000024\\SIBW-A3.2000024\\vendor\\laravel\\framework\\src\\Illuminate\\Console\\Command.php(144): Illuminate\\Container\\Container->call(Array)
#28 C:\\KULIAH\\KULIAH SEMESTER 5\\SISTEM INFORMASI BERBASIS WEB\\My repository\\A3.2000024\\A3.2000024\\SIBW-A3.2000024\\vendor\\symfony\\console\\Command\\Command.php(308): Illuminate\\Console\\Command->execute(Object(Symfony\\Component\\Console\\Input\\ArgvInput), Object(Illuminate\\Console\\OutputStyle))
#29 C:\\KULIAH\\KULIAH SEMESTER 5\\SISTEM INFORMASI BERBASIS WEB\\My repository\\A3.2000024\\A3.2000024\\SIBW-A3.2000024\\vendor\\laravel\\framework\\src\\Illuminate\\Console\\Command.php(126): Symfony\\Component\\Console\\Command\\Command->run(Object(Symfony\\Component\\Console\\Input\\ArgvInput), Object(Illuminate\\Console\\OutputStyle))
#30 C:\\KULIAH\\KULIAH SEMESTER 5\\SISTEM INFORMASI BERBASIS WEB\\My repository\\A3.2000024\\A3.2000024\\SIBW-A3.2000024\\vendor\\symfony\\console\\Application.php(1002): Illuminate\\Console\\Command->run(Object(Symfony\\Component\\Console\\Input\\ArgvInput), Object(Symfony\\Component\\Console\\Output\\ConsoleOutput))
#31 C:\\KULIAH\\KULIAH SEMESTER 5\\SISTEM INFORMASI BERBASIS WEB\\My repository\\A3.2000024\\A3.2000024\\SIBW-A3.2000024\\vendor\\symfony\\console\\Application.php(299): Symfony\\Component\\Console\\Application->doRunCommand(Object(Illuminate\\Database\\Console\\Migrations\\MigrateCommand), Object(Symfony\\Component\\Console\\Input\\ArgvInput), Object(Symfony\\Component\\Console\\Output\\ConsoleOutput))
#32 C:\\KULIAH\\KULIAH SEMESTER 5\\SISTEM INFORMASI BERBASIS WEB\\My repository\\A3.2000024\\A3.2000024\\SIBW-A3.2000024\\vendor\\symfony\\console\\Application.php(171): Symfony\\Component\\Console\\Application->doRun(Object(Symfony\\Component\\Console\\Input\\ArgvInput), Object(Symfony\\Component\\Console\\Output\\ConsoleOutput))
#33 C:\\KULIAH\\KULIAH SEMESTER 5\\SISTEM INFORMASI BERBASIS WEB\\My repository\\A3.2000024\\A3.2000024\\SIBW-A3.2000024\\vendor\\laravel\\framework\\src\\Illuminate\\Console\\Application.php(102): Symfony\\Component\\Console\\Application->run(Object(Symfony\\Component\\Console\\Input\\ArgvInput), Object(Symfony\\Component\\Console\\Output\\ConsoleOutput))
#34 C:\\KULIAH\\KULIAH SEMESTER 5\\SISTEM INFORMASI BERBASIS WEB\\My repository\\A3.2000024\\A3.2000024\\SIBW-A3.2000024\\vendor\\laravel\\framework\\src\\Illuminate\\Foundation\\Console\\Kernel.php(155): Illuminate\\Console\\Application->run(Object(Symfony\\Component\\Console\\Input\\ArgvInput), Object(Symfony\\Component\\Console\\Output\\ConsoleOutput))
#35 C:\\KULIAH\\KULIAH SEMESTER 5\\SISTEM INFORMASI BERBASIS WEB\\My repository\\A3.2000024\\A3.2000024\\SIBW-A3.2000024\\artisan(37): Illuminate\\Foundation\\Console\\Kernel->handle(Object(Symfony\\Component\\Console\\Input\\ArgvInput), Object(Symfony\\Component\\Console\\Output\\ConsoleOutput))
#36 {main}
"} 
[2022-10-25 04:50:44] local.ERROR: Class "CreateBlogsTable" not found {"exception":"[object] (Error(code: 0): Class \"CreateBlogsTable\" not found at C:\\KULIAH\\KULIAH SEMESTER 5\\SISTEM INFORMASI BERBASIS WEB\\My repository\\A3.2000024\\A3.2000024\\SIBW-A3.2000024\\vendor\\laravel\\framework\\src\\Illuminate\\Database\\Migrations\\Migrator.php:517)
[stacktrace]
#0 C:\\KULIAH\\KULIAH SEMESTER 5\\SISTEM INFORMASI BERBASIS WEB\\My repository\\A3.2000024\\A3.2000024\\SIBW-A3.2000024\\vendor\\laravel\\framework\\src\\Illuminate\\Database\\Migrations\\Migrator.php(202): Illuminate\\Database\\Migrations\\Migrator->resolvePath('C:\\\\KULIAH\\\\KULIA...')
#1 C:\\KULIAH\\KULIAH SEMESTER 5\\SISTEM INFORMASI BERBASIS WEB\\My repository\\A3.2000024\\A3.2000024\\SIBW-A3.2000024\\vendor\\laravel\\framework\\src\\Illuminate\\Database\\Migrations\\Migrator.php(175): Illuminate\\Database\\Migrations\\Migrator->runUp('C:\\\\KULIAH\\\\KULIA...', 1, false)
#2 C:\\KULIAH\\KULIAH SEMESTER 5\\SISTEM INFORMASI BERBASIS WEB\\My repository\\A3.2000024\\A3.2000024\\SIBW-A3.2000024\\vendor\\laravel\\framework\\src\\Illuminate\\Database\\Migrations\\Migrator.php(118): Illuminate\\Database\\Migrations\\Migrator->runPending(Array, Array)
#3 C:\\KULIAH\\KULIAH SEMESTER 5\\SISTEM INFORMASI BERBASIS WEB\\My repository\\A3.2000024\\A3.2000024\\SIBW-A3.2000024\\vendor\\laravel\\framework\\src\\Illuminate\\Database\\Console\\Migrations\\MigrateCommand.php(90): Illuminate\\Database\\Migrations\\Migrator->run(Array, Array)
#4 C:\\KULIAH\\KULIAH SEMESTER 5\\SISTEM INFORMASI BERBASIS WEB\\My repository\\A3.2000024\\A3.2000024\\SIBW-A3.2000024\\vendor\\laravel\\framework\\src\\Illuminate\\Database\\Migrations\\Migrator.php(616): Illuminate\\Database\\Console\\Migrations\\MigrateCommand->Illuminate\\Database\\Console\\Migrations\\{closure}()
#5 C:\\KULIAH\\KULIAH SEMESTER 5\\SISTEM INFORMASI BERBASIS WEB\\My repository\\A3.2000024\\A3.2000024\\SIBW-A3.2000024\\vendor\\laravel\\framework\\src\\Illuminate\\Database\\Console\\Migrations\\MigrateCommand.php(102): Illuminate\\Database\\Migrations\\Migrator->usingConnection(NULL, Object(Closure))
#6 C:\\KULIAH\\KULIAH SEMESTER 5\\SISTEM INFORMASI BERBASIS WEB\\My repository\\A3.2000024\\A3.2000024\\SIBW-A3.2000024\\vendor\\laravel\\framework\\src\\Illuminate\\Container\\BoundMethod.php(36): Illuminate\\Database\\Console\\Migrations\\MigrateCommand->handle()
#7 C:\\KULIAH\\KULIAH SEMESTER 5\\SISTEM INFORMASI BERBASIS WEB\\My repository\\A3.2000024\\A3.2000024\\SIBW-A3.2000024\\vendor\\laravel\\framework\\src\\Illuminate\\Container\\Util.php(41): Illuminate\\Container\\BoundMethod::Illuminate\\Container\\{closure}()
#8 C:\\KULIAH\\KULIAH SEMESTER 5\\SISTEM INFORMASI BERBASIS WEB\\My repository\\A3.2000024\\A3.2000024\\SIBW-A3.2000024\\vendor\\laravel\\framework\\src\\Illuminate\\Container\\BoundMethod.php(93): Illuminate\\Container\\Util::unwrapIfClosure(Object(Closure))
#9 C:\\KULIAH\\KULIAH SEMESTER 5\\SISTEM INFORMASI BERBASIS WEB\\My repository\\A3.2000024\\A3.2000024\\SIBW-A3.2000024\\vendor\\laravel\\framework\\src\\Illuminate\\Container\\BoundMethod.php(37): Illuminate\\Container\\BoundMethod::callBoundMethod(Object(Illuminate\\Foundation\\Application), Array, Object(Closure))
#10 C:\\KULIAH\\KULIAH SEMESTER 5\\SISTEM INFORMASI BERBASIS WEB\\My repository\\A3.2000024\\A3.2000024\\SIBW-A3.2000024\\vendor\\laravel\\framework\\src\\Illuminate\\Container\\Container.php(651): Illuminate\\Container\\BoundMethod::call(Object(Illuminate\\Foundation\\Application), Array, Array, NULL)
#11 C:\\KULIAH\\KULIAH SEMESTER 5\\SISTEM INFORMASI BERBASIS WEB\\My repository\\A3.2000024\\A3.2000024\\SIBW-A3.2000024\\vendor\\laravel\\framework\\src\\Illuminate\\Console\\Command.php(144): Illuminate\\Container\\Container->call(Array)
#12 C:\\KULIAH\\KULIAH SEMESTER 5\\SISTEM INFORMASI BERBASIS WEB\\My repository\\A3.2000024\\A3.2000024\\SIBW-A3.2000024\\vendor\\symfony\\console\\Command\\Command.php(308): Illuminate\\Console\\Command->execute(Object(Symfony\\Component\\Console\\Input\\ArgvInput), Object(Illuminate\\Console\\OutputStyle))
#13 C:\\KULIAH\\KULIAH SEMESTER 5\\SISTEM INFORMASI BERBASIS WEB\\My repository\\A3.2000024\\A3.2000024\\SIBW-A3.2000024\\vendor\\laravel\\framework\\src\\Illuminate\\Console\\Command.php(126): Symfony\\Component\\Console\\Command\\Command->run(Object(Symfony\\Component\\Console\\Input\\ArgvInput), Object(Illuminate\\Console\\OutputStyle))
#14 C:\\KULIAH\\KULIAH SEMESTER 5\\SISTEM INFORMASI BERBASIS WEB\\My repository\\A3.2000024\\A3.2000024\\SIBW-A3.2000024\\vendor\\symfony\\console\\Application.php(1002): Illuminate\\Console\\Command->run(Object(Symfony\\Component\\Console\\Input\\ArgvInput), Object(Symfony\\Component\\Console\\Output\\ConsoleOutput))
#15 C:\\KULIAH\\KULIAH SEMESTER 5\\SISTEM INFORMASI BERBASIS WEB\\My repository\\A3.2000024\\A3.2000024\\SIBW-A3.2000024\\vendor\\symfony\\console\\Application.php(299): Symfony\\Component\\Console\\Application->doRunCommand(Object(Illuminate\\Database\\Console\\Migrations\\MigrateCommand), Object(Symfony\\Component\\Console\\Input\\ArgvInput), Object(Symfony\\Component\\Console\\Output\\ConsoleOutput))
#16 C:\\KULIAH\\KULIAH SEMESTER 5\\SISTEM INFORMASI BERBASIS WEB\\My repository\\A3.2000024\\A3.2000024\\SIBW-A3.2000024\\vendor\\symfony\\console\\Application.php(171): Symfony\\Component\\Console\\Application->doRun(Object(Symfony\\Component\\Console\\Input\\ArgvInput), Object(Symfony\\Component\\Console\\Output\\ConsoleOutput))
#17 C:\\KULIAH\\KULIAH SEMESTER 5\\SISTEM INFORMASI BERBASIS WEB\\My repository\\A3.2000024\\A3.2000024\\SIBW-A3.2000024\\vendor\\laravel\\framework\\src\\Illuminate\\Console\\Application.php(102): Symfony\\Component\\Console\\Application->run(Object(Symfony\\Component\\Console\\Input\\ArgvInput), Object(Symfony\\Component\\Console\\Output\\ConsoleOutput))
#18 C:\\KULIAH\\KULIAH SEMESTER 5\\SISTEM INFORMASI BERBASIS WEB\\My repository\\A3.2000024\\A3.2000024\\SIBW-A3.2000024\\vendor\\laravel\\framework\\src\\Illuminate\\Foundation\\Console\\Kernel.php(155): Illuminate\\Console\\Application->run(Object(Symfony\\Component\\Console\\Input\\ArgvInput), Object(Symfony\\Component\\Console\\Output\\ConsoleOutput))
#19 C:\\KULIAH\\KULIAH SEMESTER 5\\SISTEM INFORMASI BERBASIS WEB\\My repository\\A3.2000024\\A3.2000024\\SIBW-A3.2000024\\artisan(37): Illuminate\\Foundation\\Console\\Kernel->handle(Object(Symfony\\Component\\Console\\Input\\ArgvInput), Object(Symfony\\Component\\Console\\Output\\ConsoleOutput))
#20 {main}
"} 
[2022-11-01 04:36:31] local.ERROR: Method App\Http\Controllers\BlogController::edit does not exist. {"exception":"[object] (BadMethodCallException(code: 0): Method App\\Http\\Controllers\\BlogController::edit does not exist. at C:\\KULIAH\\KULIAH SEMESTER 5\\SISTEM INFORMASI BERBASIS WEB\\My repository\\A3.2000024\\A3.2000024\\SIBW-A3.2000024\\vendor\\laravel\\framework\\src\\Illuminate\\Routing\\Controller.php:68)
[stacktrace]
#0 C:\\KULIAH\\KULIAH SEMESTER 5\\SISTEM INFORMASI BERBASIS WEB\\My repository\\A3.2000024\\A3.2000024\\SIBW-A3.2000024\\vendor\\laravel\\framework\\src\\Illuminate\\Routing\\Controller.php(54): Illuminate\\Routing\\Controller->__call('edit', Array)
#1 C:\\KULIAH\\KULIAH SEMESTER 5\\SISTEM INFORMASI BERBASIS WEB\\My repository\\A3.2000024\\A3.2000024\\SIBW-A3.2000024\\vendor\\laravel\\framework\\src\\Illuminate\\Routing\\ControllerDispatcher.php(43): Illuminate\\Routing\\Controller->callAction('edit', Array)
#2 C:\\KULIAH\\KULIAH SEMESTER 5\\SISTEM INFORMASI BERBASIS WEB\\My repository\\A3.2000024\\A3.2000024\\SIBW-A3.2000024\\vendor\\laravel\\framework\\src\\Illuminate\\Routing\\Route.php(260): Illuminate\\Routing\\ControllerDispatcher->dispatch(Object(Illuminate\\Routing\\Route), Object(App\\Http\\Controllers\\BlogController), 'edit')
#3 C:\\KULIAH\\KULIAH SEMESTER 5\\SISTEM INFORMASI BERBASIS WEB\\My repository\\A3.2000024\\A3.2000024\\SIBW-A3.2000024\\vendor\\laravel\\framework\\src\\Illuminate\\Routing\\Route.php(205): Illuminate\\Routing\\Route->runController()
#4 C:\\KULIAH\\KULIAH SEMESTER 5\\SISTEM INFORMASI BERBASIS WEB\\My repository\\A3.2000024\\A3.2000024\\SIBW-A3.2000024\\vendor\\laravel\\framework\\src\\Illuminate\\Routing\\Router.php(725): Illuminate\\Routing\\Route->run()
#5 C:\\KULIAH\\KULIAH SEMESTER 5\\SISTEM INFORMASI BERBASIS WEB\\My repository\\A3.2000024\\A3.2000024\\SIBW-A3.2000024\\vendor\\laravel\\framework\\src\\Illuminate\\Pipeline\\Pipeline.php(141): Illuminate\\Routing\\Router->Illuminate\\Routing\\{closure}(Object(Illuminate\\Http\\Request))
#6 C:\\KULIAH\\KULIAH SEMESTER 5\\SISTEM INFORMASI BERBASIS WEB\\My repository\\A3.2000024\\A3.2000024\\SIBW-A3.2000024\\vendor\\laravel\\framework\\src\\Illuminate\\Routing\\Middleware\\SubstituteBindings.php(50): Illuminate\\Pipeline\\Pipeline->Illuminate\\Pipeline\\{closure}(Object(Illuminate\\Http\\Request))
#7 C:\\KULIAH\\KULIAH SEMESTER 5\\SISTEM INFORMASI BERBASIS WEB\\My repository\\A3.2000024\\A3.2000024\\SIBW-A3.2000024\\vendor\\laravel\\framework\\src\\Illuminate\\Pipeline\\Pipeline.php(180): Illuminate\\Routing\\Middleware\\SubstituteBindings->handle(Object(Illuminate\\Http\\Request), Object(Closure))
#8 C:\\KULIAH\\KULIAH SEMESTER 5\\SISTEM INFORMASI BERBASIS WEB\\My repository\\A3.2000024\\A3.2000024\\SIBW-A3.2000024\\vendor\\laravel\\framework\\src\\Illuminate\\Foundation\\Http\\Middleware\\VerifyCsrfToken.php(78): Illuminate\\Pipeline\\Pipeline->Illuminate\\Pipeline\\{closure}(Object(Illuminate\\Http\\Request))
#9 C:\\KULIAH\\KULIAH SEMESTER 5\\SISTEM INFORMASI BERBASIS WEB\\My repository\\A3.2000024\\A3.2000024\\SIBW-A3.2000024\\vendor\\laravel\\framework\\src\\Illuminate\\Pipeline\\Pipeline.php(180): Illuminate\\Foundation\\Http\\Middleware\\VerifyCsrfToken->handle(Object(Illuminate\\Http\\Request), Object(Closure))
#10 C:\\KULIAH\\KULIAH SEMESTER 5\\SISTEM INFORMASI BERBASIS WEB\\My repository\\A3.2000024\\A3.2000024\\SIBW-A3.2000024\\vendor\\laravel\\framework\\src\\Illuminate\\View\\Middleware\\ShareErrorsFromSession.php(49): Illuminate\\Pipeline\\Pipeline->Illuminate\\Pipeline\\{closure}(Object(Illuminate\\Http\\Request))
#11 C:\\KULIAH\\KULIAH SEMESTER 5\\SISTEM INFORMASI BERBASIS WEB\\My repository\\A3.2000024\\A3.2000024\\SIBW-A3.2000024\\vendor\\laravel\\framework\\src\\Illuminate\\Pipeline\\Pipeline.php(180): Illuminate\\View\\Middleware\\ShareErrorsFromSession->handle(Object(Illuminate\\Http\\Request), Object(Closure))
#12 C:\\KULIAH\\KULIAH SEMESTER 5\\SISTEM INFORMASI BERBASIS WEB\\My repository\\A3.2000024\\A3.2000024\\SIBW-A3.2000024\\vendor\\laravel\\framework\\src\\Illuminate\\Session\\Middleware\\StartSession.php(121): Illuminate\\Pipeline\\Pipeline->Illuminate\\Pipeline\\{closure}(Object(Illuminate\\Http\\Request))
#13 C:\\KULIAH\\KULIAH SEMESTER 5\\SISTEM INFORMASI BERBASIS WEB\\My repository\\A3.2000024\\A3.2000024\\SIBW-A3.2000024\\vendor\\laravel\\framework\\src\\Illuminate\\Session\\Middleware\\StartSession.php(64): Illuminate\\Session\\Middleware\\StartSession->handleStatefulRequest(Object(Illuminate\\Http\\Request), Object(Illuminate\\Session\\Store), Object(Closure))
#14 C:\\KULIAH\\KULIAH SEMESTER 5\\SISTEM INFORMASI BERBASIS WEB\\My repository\\A3.2000024\\A3.2000024\\SIBW-A3.2000024\\vendor\\laravel\\framework\\src\\Illuminate\\Pipeline\\Pipeline.php(180): Illuminate\\Session\\Middleware\\StartSession->handle(Object(Illuminate\\Http\\Request), Object(Closure))
#15 C:\\KULIAH\\KULIAH SEMESTER 5\\SISTEM INFORMASI BERBASIS WEB\\My repository\\A3.2000024\\A3.2000024\\SIBW-A3.2000024\\vendor\\laravel\\framework\\src\\Illuminate\\Cookie\\Middleware\\AddQueuedCookiesToResponse.php(37): Illuminate\\Pipeline\\Pipeline->Illuminate\\Pipeline\\{closure}(Object(Illuminate\\Http\\Request))
#16 C:\\KULIAH\\KULIAH SEMESTER 5\\SISTEM INFORMASI BERBASIS WEB\\My repository\\A3.2000024\\A3.2000024\\SIBW-A3.2000024\\vendor\\laravel\\framework\\src\\Illuminate\\Pipeline\\Pipeline.php(180): Illuminate\\Cookie\\Middleware\\AddQueuedCookiesToResponse->handle(Object(Illuminate\\Http\\Request), Object(Closure))
#17 C:\\KULIAH\\KULIAH SEMESTER 5\\SISTEM INFORMASI BERBASIS WEB\\My repository\\A3.2000024\\A3.2000024\\SIBW-A3.2000024\\vendor\\laravel\\framework\\src\\Illuminate\\Cookie\\Middleware\\EncryptCookies.php(67): Illuminate\\Pipeline\\Pipeline->Illuminate\\Pipeline\\{closure}(Object(Illuminate\\Http\\Request))
#18 C:\\KULIAH\\KULIAH SEMESTER 5\\SISTEM INFORMASI BERBASIS WEB\\My repository\\A3.2000024\\A3.2000024\\SIBW-A3.2000024\\vendor\\laravel\\framework\\src\\Illuminate\\Pipeline\\Pipeline.php(180): Illuminate\\Cookie\\Middleware\\EncryptCookies->handle(Object(Illuminate\\Http\\Request), Object(Closure))
#19 C:\\KULIAH\\KULIAH SEMESTER 5\\SISTEM INFORMASI BERBASIS WEB\\My repository\\A3.2000024\\A3.2000024\\SIBW-A3.2000024\\vendor\\laravel\\framework\\src\\Illuminate\\Pipeline\\Pipeline.php(116): Illuminate\\Pipeline\\Pipeline->Illuminate\\Pipeline\\{closure}(Object(Illuminate\\Http\\Request))
#20 C:\\KULIAH\\KULIAH SEMESTER 5\\SISTEM INFORMASI BERBASIS WEB\\My repository\\A3.2000024\\A3.2000024\\SIBW-A3.2000024\\vendor\\laravel\\framework\\src\\Illuminate\\Routing\\Router.php(726): Illuminate\\Pipeline\\Pipeline->then(Object(Closure))
#21 C:\\KULIAH\\KULIAH SEMESTER 5\\SISTEM INFORMASI BERBASIS WEB\\My repository\\A3.2000024\\A3.2000024\\SIBW-A3.2000024\\vendor\\laravel\\framework\\src\\Illuminate\\Routing\\Router.php(703): Illuminate\\Routing\\Router->runRouteWithinStack(Object(Illuminate\\Routing\\Route), Object(Illuminate\\Http\\Request))
#22 C:\\KULIAH\\KULIAH SEMESTER 5\\SISTEM INFORMASI BERBASIS WEB\\My repository\\A3.2000024\\A3.2000024\\SIBW-A3.2000024\\vendor\\laravel\\framework\\src\\Illuminate\\Routing\\Router.php(667): Illuminate\\Routing\\Router->runRoute(Object(Illuminate\\Http\\Request), Object(Illuminate\\Routing\\Route))
#23 C:\\KULIAH\\KULIAH SEMESTER 5\\SISTEM INFORMASI BERBASIS WEB\\My repository\\A3.2000024\\A3.2000024\\SIBW-A3.2000024\\vendor\\laravel\\framework\\src\\Illuminate\\Routing\\Router.php(656): Illuminate\\Routing\\Router->dispatchToRoute(Object(Illuminate\\Http\\Request))
#24 C:\\KULIAH\\KULIAH SEMESTER 5\\SISTEM INFORMASI BERBASIS WEB\\My repository\\A3.2000024\\A3.2000024\\SIBW-A3.2000024\\vendor\\laravel\\framework\\src\\Illuminate\\Foundation\\Http\\Kernel.php(190): Illuminate\\Routing\\Router->dispatch(Object(Illuminate\\Http\\Request))
#25 C:\\KULIAH\\KULIAH SEMESTER 5\\SISTEM INFORMASI BERBASIS WEB\\My repository\\A3.2000024\\A3.2000024\\SIBW-A3.2000024\\vendor\\laravel\\framework\\src\\Illuminate\\Pipeline\\Pipeline.php(141): Illuminate\\Foundation\\Http\\Kernel->Illuminate\\Foundation\\Http\\{closure}(Object(Illuminate\\Http\\Request))
#26 C:\\KULIAH\\KULIAH SEMESTER 5\\SISTEM INFORMASI BERBASIS WEB\\My repository\\A3.2000024\\A3.2000024\\SIBW-A3.2000024\\vendor\\laravel\\framework\\src\\Illuminate\\Foundation\\Http\\Middleware\\TransformsRequest.php(21): Illuminate\\Pipeline\\Pipeline->Illuminate\\Pipeline\\{closure}(Object(Illuminate\\Http\\Request))
#27 C:\\KULIAH\\KULIAH SEMESTER 5\\SISTEM INFORMASI BERBASIS WEB\\My repository\\A3.2000024\\A3.2000024\\SIBW-A3.2000024\\vendor\\laravel\\framework\\src\\Illuminate\\Foundation\\Http\\Middleware\\ConvertEmptyStringsToNull.php(31): Illuminate\\Foundation\\Http\\Middleware\\TransformsRequest->handle(Object(Illuminate\\Http\\Request), Object(Closure))
#28 C:\\KULIAH\\KULIAH SEMESTER 5\\SISTEM INFORMASI BERBASIS WEB\\My repository\\A3.2000024\\A3.2000024\\SIBW-A3.2000024\\vendor\\laravel\\framework\\src\\Illuminate\\Pipeline\\Pipeline.php(180): Illuminate\\Foundation\\Http\\Middleware\\ConvertEmptyStringsToNull->handle(Object(Illuminate\\Http\\Request), Object(Closure))
#29 C:\\KULIAH\\KULIAH SEMESTER 5\\SISTEM INFORMASI BERBASIS WEB\\My repository\\A3.2000024\\A3.2000024\\SIBW-A3.2000024\\vendor\\laravel\\framework\\src\\Illuminate\\Foundation\\Http\\Middleware\\TransformsRequest.php(21): Illuminate\\Pipeline\\Pipeline->Illuminate\\Pipeline\\{closure}(Object(Illuminate\\Http\\Request))
#30 C:\\KULIAH\\KULIAH SEMESTER 5\\SISTEM INFORMASI BERBASIS WEB\\My repository\\A3.2000024\\A3.2000024\\SIBW-A3.2000024\\vendor\\laravel\\framework\\src\\Illuminate\\Foundation\\Http\\Middleware\\TrimStrings.php(40): Illuminate\\Foundation\\Http\\Middleware\\TransformsRequest->handle(Object(Illuminate\\Http\\Request), Object(Closure))
#31 C:\\KULIAH\\KULIAH SEMESTER 5\\SISTEM INFORMASI BERBASIS WEB\\My repository\\A3.2000024\\A3.2000024\\SIBW-A3.2000024\\vendor\\laravel\\framework\\src\\Illuminate\\Pipeline\\Pipeline.php(180): Illuminate\\Foundation\\Http\\Middleware\\TrimStrings->handle(Object(Illuminate\\Http\\Request), Object(Closure))
#32 C:\\KULIAH\\KULIAH SEMESTER 5\\SISTEM INFORMASI BERBASIS WEB\\My repository\\A3.2000024\\A3.2000024\\SIBW-A3.2000024\\vendor\\laravel\\framework\\src\\Illuminate\\Foundation\\Http\\Middleware\\ValidatePostSize.php(27): Illuminate\\Pipeline\\Pipeline->Illuminate\\Pipeline\\{closure}(Object(Illuminate\\Http\\Request))
#33 C:\\KULIAH\\KULIAH SEMESTER 5\\SISTEM INFORMASI BERBASIS WEB\\My repository\\A3.2000024\\A3.2000024\\SIBW-A3.2000024\\vendor\\laravel\\framework\\src\\Illuminate\\Pipeline\\Pipeline.php(180): Illuminate\\Foundation\\Http\\Middleware\\ValidatePostSize->handle(Object(Illuminate\\Http\\Request), Object(Closure))
#34 C:\\KULIAH\\KULIAH SEMESTER 5\\SISTEM INFORMASI BERBASIS WEB\\My repository\\A3.2000024\\A3.2000024\\SIBW-A3.2000024\\vendor\\laravel\\framework\\src\\Illuminate\\Foundation\\Http\\Middleware\\PreventRequestsDuringMaintenance.php(86): Illuminate\\Pipeline\\Pipeline->Illuminate\\Pipeline\\{closure}(Object(Illuminate\\Http\\Request))
#35 C:\\KULIAH\\KULIAH SEMESTER 5\\SISTEM INFORMASI BERBASIS WEB\\My repository\\A3.2000024\\A3.2000024\\SIBW-A3.2000024\\vendor\\laravel\\framework\\src\\Illuminate\\Pipeline\\Pipeline.php(180): Illuminate\\Foundation\\Http\\Middleware\\PreventRequestsDuringMaintenance->handle(Object(Illuminate\\Http\\Request), Object(Closure))
#36 C:\\KULIAH\\KULIAH SEMESTER 5\\SISTEM INFORMASI BERBASIS WEB\\My repository\\A3.2000024\\A3.2000024\\SIBW-A3.2000024\\vendor\\laravel\\framework\\src\\Illuminate\\Http\\Middleware\\HandleCors.php(49): Illuminate\\Pipeline\\Pipeline->Illuminate\\Pipeline\\{closure}(Object(Illuminate\\Http\\Request))
#37 C:\\KULIAH\\KULIAH SEMESTER 5\\SISTEM INFORMASI BERBASIS WEB\\My repository\\A3.2000024\\A3.2000024\\SIBW-A3.2000024\\vendor\\laravel\\framework\\src\\Illuminate\\Pipeline\\Pipeline.php(180): Illuminate\\Http\\Middleware\\HandleCors->handle(Object(Illuminate\\Http\\Request), Object(Closure))
#38 C:\\KULIAH\\KULIAH SEMESTER 5\\SISTEM INFORMASI BERBASIS WEB\\My repository\\A3.2000024\\A3.2000024\\SIBW-A3.2000024\\vendor\\laravel\\framework\\src\\Illuminate\\Http\\Middleware\\TrustProxies.php(39): Illuminate\\Pipeline\\Pipeline->Illuminate\\Pipeline\\{closure}(Object(Illuminate\\Http\\Request))
#39 C:\\KULIAH\\KULIAH SEMESTER 5\\SISTEM INFORMASI BERBASIS WEB\\My repository\\A3.2000024\\A3.2000024\\SIBW-A3.2000024\\vendor\\laravel\\framework\\src\\Illuminate\\Pipeline\\Pipeline.php(180): Illuminate\\Http\\Middleware\\TrustProxies->handle(Object(Illuminate\\Http\\Request), Object(Closure))
#40 C:\\KULIAH\\KULIAH SEMESTER 5\\SISTEM INFORMASI BERBASIS WEB\\My repository\\A3.2000024\\A3.2000024\\SIBW-A3.2000024\\vendor\\laravel\\framework\\src\\Illuminate\\Pipeline\\Pipeline.php(116): Illuminate\\Pipeline\\Pipeline->Illuminate\\Pipeline\\{closure}(Object(Illuminate\\Http\\Request))
#41 C:\\KULIAH\\KULIAH SEMESTER 5\\SISTEM INFORMASI BERBASIS WEB\\My repository\\A3.2000024\\A3.2000024\\SIBW-A3.2000024\\vendor\\laravel\\framework\\src\\Illuminate\\Foundation\\Http\\Kernel.php(165): Illuminate\\Pipeline\\Pipeline->then(Object(Closure))
#42 C:\\KULIAH\\KULIAH SEMESTER 5\\SISTEM INFORMASI BERBASIS WEB\\My repository\\A3.2000024\\A3.2000024\\SIBW-A3.2000024\\vendor\\laravel\\framework\\src\\Illuminate\\Foundation\\Http\\Kernel.php(134): Illuminate\\Foundation\\Http\\Kernel->sendRequestThroughRouter(Object(Illuminate\\Http\\Request))
#43 C:\\KULIAH\\KULIAH SEMESTER 5\\SISTEM INFORMASI BERBASIS WEB\\My repository\\A3.2000024\\A3.2000024\\SIBW-A3.2000024\\public\\index.php(52): Illuminate\\Foundation\\Http\\Kernel->handle(Object(Illuminate\\Http\\Request))
#44 C:\\KULIAH\\KULIAH SEMESTER 5\\SISTEM INFORMASI BERBASIS WEB\\My repository\\A3.2000024\\A3.2000024\\SIBW-A3.2000024\\vendor\\laravel\\framework\\src\\Illuminate\\Foundation\\resources\\server.php(16): require_once('C:\\\\KULIAH\\\\KULIA...')
#45 {main}
"} 
[2022-11-01 04:37:02] local.ERROR: Method App\Http\Controllers\BlogController::edit does not exist. {"exception":"[object] (BadMethodCallException(code: 0): Method App\\Http\\Controllers\\BlogController::edit does not exist. at C:\\KULIAH\\KULIAH SEMESTER 5\\SISTEM INFORMASI BERBASIS WEB\\My repository\\A3.2000024\\A3.2000024\\SIBW-A3.2000024\\vendor\\laravel\\framework\\src\\Illuminate\\Routing\\Controller.php:68)
[stacktrace]
#0 C:\\KULIAH\\KULIAH SEMESTER 5\\SISTEM INFORMASI BERBASIS WEB\\My repository\\A3.2000024\\A3.2000024\\SIBW-A3.2000024\\vendor\\laravel\\framework\\src\\Illuminate\\Routing\\Controller.php(54): Illuminate\\Routing\\Controller->__call('edit', Array)
#1 C:\\KULIAH\\KULIAH SEMESTER 5\\SISTEM INFORMASI BERBASIS WEB\\My repository\\A3.2000024\\A3.2000024\\SIBW-A3.2000024\\vendor\\laravel\\framework\\src\\Illuminate\\Routing\\ControllerDispatcher.php(43): Illuminate\\Routing\\Controller->callAction('edit', Array)
#2 C:\\KULIAH\\KULIAH SEMESTER 5\\SISTEM INFORMASI BERBASIS WEB\\My repository\\A3.2000024\\A3.2000024\\SIBW-A3.2000024\\vendor\\laravel\\framework\\src\\Illuminate\\Routing\\Route.php(260): Illuminate\\Routing\\ControllerDispatcher->dispatch(Object(Illuminate\\Routing\\Route), Object(App\\Http\\Controllers\\BlogController), 'edit')
#3 C:\\KULIAH\\KULIAH SEMESTER 5\\SISTEM INFORMASI BERBASIS WEB\\My repository\\A3.2000024\\A3.2000024\\SIBW-A3.2000024\\vendor\\laravel\\framework\\src\\Illuminate\\Routing\\Route.php(205): Illuminate\\Routing\\Route->runController()
#4 C:\\KULIAH\\KULIAH SEMESTER 5\\SISTEM INFORMASI BERBASIS WEB\\My repository\\A3.2000024\\A3.2000024\\SIBW-A3.2000024\\vendor\\laravel\\framework\\src\\Illuminate\\Routing\\Router.php(725): Illuminate\\Routing\\Route->run()
#5 C:\\KULIAH\\KULIAH SEMESTER 5\\SISTEM INFORMASI BERBASIS WEB\\My repository\\A3.2000024\\A3.2000024\\SIBW-A3.2000024\\vendor\\laravel\\framework\\src\\Illuminate\\Pipeline\\Pipeline.php(141): Illuminate\\Routing\\Router->Illuminate\\Routing\\{closure}(Object(Illuminate\\Http\\Request))
#6 C:\\KULIAH\\KULIAH SEMESTER 5\\SISTEM INFORMASI BERBASIS WEB\\My repository\\A3.2000024\\A3.2000024\\SIBW-A3.2000024\\vendor\\laravel\\framework\\src\\Illuminate\\Routing\\Middleware\\SubstituteBindings.php(50): Illuminate\\Pipeline\\Pipeline->Illuminate\\Pipeline\\{closure}(Object(Illuminate\\Http\\Request))
#7 C:\\KULIAH\\KULIAH SEMESTER 5\\SISTEM INFORMASI BERBASIS WEB\\My repository\\A3.2000024\\A3.2000024\\SIBW-A3.2000024\\vendor\\laravel\\framework\\src\\Illuminate\\Pipeline\\Pipeline.php(180): Illuminate\\Routing\\Middleware\\SubstituteBindings->handle(Object(Illuminate\\Http\\Request), Object(Closure))
#8 C:\\KULIAH\\KULIAH SEMESTER 5\\SISTEM INFORMASI BERBASIS WEB\\My repository\\A3.2000024\\A3.2000024\\SIBW-A3.2000024\\vendor\\laravel\\framework\\src\\Illuminate\\Foundation\\Http\\Middleware\\VerifyCsrfToken.php(78): Illuminate\\Pipeline\\Pipeline->Illuminate\\Pipeline\\{closure}(Object(Illuminate\\Http\\Request))
#9 C:\\KULIAH\\KULIAH SEMESTER 5\\SISTEM INFORMASI BERBASIS WEB\\My repository\\A3.2000024\\A3.2000024\\SIBW-A3.2000024\\vendor\\laravel\\framework\\src\\Illuminate\\Pipeline\\Pipeline.php(180): Illuminate\\Foundation\\Http\\Middleware\\VerifyCsrfToken->handle(Object(Illuminate\\Http\\Request), Object(Closure))
#10 C:\\KULIAH\\KULIAH SEMESTER 5\\SISTEM INFORMASI BERBASIS WEB\\My repository\\A3.2000024\\A3.2000024\\SIBW-A3.2000024\\vendor\\laravel\\framework\\src\\Illuminate\\View\\Middleware\\ShareErrorsFromSession.php(49): Illuminate\\Pipeline\\Pipeline->Illuminate\\Pipeline\\{closure}(Object(Illuminate\\Http\\Request))
#11 C:\\KULIAH\\KULIAH SEMESTER 5\\SISTEM INFORMASI BERBASIS WEB\\My repository\\A3.2000024\\A3.2000024\\SIBW-A3.2000024\\vendor\\laravel\\framework\\src\\Illuminate\\Pipeline\\Pipeline.php(180): Illuminate\\View\\Middleware\\ShareErrorsFromSession->handle(Object(Illuminate\\Http\\Request), Object(Closure))
#12 C:\\KULIAH\\KULIAH SEMESTER 5\\SISTEM INFORMASI BERBASIS WEB\\My repository\\A3.2000024\\A3.2000024\\SIBW-A3.2000024\\vendor\\laravel\\framework\\src\\Illuminate\\Session\\Middleware\\StartSession.php(121): Illuminate\\Pipeline\\Pipeline->Illuminate\\Pipeline\\{closure}(Object(Illuminate\\Http\\Request))
#13 C:\\KULIAH\\KULIAH SEMESTER 5\\SISTEM INFORMASI BERBASIS WEB\\My repository\\A3.2000024\\A3.2000024\\SIBW-A3.2000024\\vendor\\laravel\\framework\\src\\Illuminate\\Session\\Middleware\\StartSession.php(64): Illuminate\\Session\\Middleware\\StartSession->handleStatefulRequest(Object(Illuminate\\Http\\Request), Object(Illuminate\\Session\\Store), Object(Closure))
#14 C:\\KULIAH\\KULIAH SEMESTER 5\\SISTEM INFORMASI BERBASIS WEB\\My repository\\A3.2000024\\A3.2000024\\SIBW-A3.2000024\\vendor\\laravel\\framework\\src\\Illuminate\\Pipeline\\Pipeline.php(180): Illuminate\\Session\\Middleware\\StartSession->handle(Object(Illuminate\\Http\\Request), Object(Closure))
#15 C:\\KULIAH\\KULIAH SEMESTER 5\\SISTEM INFORMASI BERBASIS WEB\\My repository\\A3.2000024\\A3.2000024\\SIBW-A3.2000024\\vendor\\laravel\\framework\\src\\Illuminate\\Cookie\\Middleware\\AddQueuedCookiesToResponse.php(37): Illuminate\\Pipeline\\Pipeline->Illuminate\\Pipeline\\{closure}(Object(Illuminate\\Http\\Request))
#16 C:\\KULIAH\\KULIAH SEMESTER 5\\SISTEM INFORMASI BERBASIS WEB\\My repository\\A3.2000024\\A3.2000024\\SIBW-A3.2000024\\vendor\\laravel\\framework\\src\\Illuminate\\Pipeline\\Pipeline.php(180): Illuminate\\Cookie\\Middleware\\AddQueuedCookiesToResponse->handle(Object(Illuminate\\Http\\Request), Object(Closure))
#17 C:\\KULIAH\\KULIAH SEMESTER 5\\SISTEM INFORMASI BERBASIS WEB\\My repository\\A3.2000024\\A3.2000024\\SIBW-A3.2000024\\vendor\\laravel\\framework\\src\\Illuminate\\Cookie\\Middleware\\EncryptCookies.php(67): Illuminate\\Pipeline\\Pipeline->Illuminate\\Pipeline\\{closure}(Object(Illuminate\\Http\\Request))
#18 C:\\KULIAH\\KULIAH SEMESTER 5\\SISTEM INFORMASI BERBASIS WEB\\My repository\\A3.2000024\\A3.2000024\\SIBW-A3.2000024\\vendor\\laravel\\framework\\src\\Illuminate\\Pipeline\\Pipeline.php(180): Illuminate\\Cookie\\Middleware\\EncryptCookies->handle(Object(Illuminate\\Http\\Request), Object(Closure))
#19 C:\\KULIAH\\KULIAH SEMESTER 5\\SISTEM INFORMASI BERBASIS WEB\\My repository\\A3.2000024\\A3.2000024\\SIBW-A3.2000024\\vendor\\laravel\\framework\\src\\Illuminate\\Pipeline\\Pipeline.php(116): Illuminate\\Pipeline\\Pipeline->Illuminate\\Pipeline\\{closure}(Object(Illuminate\\Http\\Request))
#20 C:\\KULIAH\\KULIAH SEMESTER 5\\SISTEM INFORMASI BERBASIS WEB\\My repository\\A3.2000024\\A3.2000024\\SIBW-A3.2000024\\vendor\\laravel\\framework\\src\\Illuminate\\Routing\\Router.php(726): Illuminate\\Pipeline\\Pipeline->then(Object(Closure))
#21 C:\\KULIAH\\KULIAH SEMESTER 5\\SISTEM INFORMASI BERBASIS WEB\\My repository\\A3.2000024\\A3.2000024\\SIBW-A3.2000024\\vendor\\laravel\\framework\\src\\Illuminate\\Routing\\Router.php(703): Illuminate\\Routing\\Router->runRouteWithinStack(Object(Illuminate\\Routing\\Route), Object(Illuminate\\Http\\Request))
#22 C:\\KULIAH\\KULIAH SEMESTER 5\\SISTEM INFORMASI BERBASIS WEB\\My repository\\A3.2000024\\A3.2000024\\SIBW-A3.2000024\\vendor\\laravel\\framework\\src\\Illuminate\\Routing\\Router.php(667): Illuminate\\Routing\\Router->runRoute(Object(Illuminate\\Http\\Request), Object(Illuminate\\Routing\\Route))
#23 C:\\KULIAH\\KULIAH SEMESTER 5\\SISTEM INFORMASI BERBASIS WEB\\My repository\\A3.2000024\\A3.2000024\\SIBW-A3.2000024\\vendor\\laravel\\framework\\src\\Illuminate\\Routing\\Router.php(656): Illuminate\\Routing\\Router->dispatchToRoute(Object(Illuminate\\Http\\Request))
#24 C:\\KULIAH\\KULIAH SEMESTER 5\\SISTEM INFORMASI BERBASIS WEB\\My repository\\A3.2000024\\A3.2000024\\SIBW-A3.2000024\\vendor\\laravel\\framework\\src\\Illuminate\\Foundation\\Http\\Kernel.php(190): Illuminate\\Routing\\Router->dispatch(Object(Illuminate\\Http\\Request))
#25 C:\\KULIAH\\KULIAH SEMESTER 5\\SISTEM INFORMASI BERBASIS WEB\\My repository\\A3.2000024\\A3.2000024\\SIBW-A3.2000024\\vendor\\laravel\\framework\\src\\Illuminate\\Pipeline\\Pipeline.php(141): Illuminate\\Foundation\\Http\\Kernel->Illuminate\\Foundation\\Http\\{closure}(Object(Illuminate\\Http\\Request))
#26 C:\\KULIAH\\KULIAH SEMESTER 5\\SISTEM INFORMASI BERBASIS WEB\\My repository\\A3.2000024\\A3.2000024\\SIBW-A3.2000024\\vendor\\laravel\\framework\\src\\Illuminate\\Foundation\\Http\\Middleware\\TransformsRequest.php(21): Illuminate\\Pipeline\\Pipeline->Illuminate\\Pipeline\\{closure}(Object(Illuminate\\Http\\Request))
#27 C:\\KULIAH\\KULIAH SEMESTER 5\\SISTEM INFORMASI BERBASIS WEB\\My repository\\A3.2000024\\A3.2000024\\SIBW-A3.2000024\\vendor\\laravel\\framework\\src\\Illuminate\\Foundation\\Http\\Middleware\\ConvertEmptyStringsToNull.php(31): Illuminate\\Foundation\\Http\\Middleware\\TransformsRequest->handle(Object(Illuminate\\Http\\Request), Object(Closure))
#28 C:\\KULIAH\\KULIAH SEMESTER 5\\SISTEM INFORMASI BERBASIS WEB\\My repository\\A3.2000024\\A3.2000024\\SIBW-A3.2000024\\vendor\\laravel\\framework\\src\\Illuminate\\Pipeline\\Pipeline.php(180): Illuminate\\Foundation\\Http\\Middleware\\ConvertEmptyStringsToNull->handle(Object(Illuminate\\Http\\Request), Object(Closure))
#29 C:\\KULIAH\\KULIAH SEMESTER 5\\SISTEM INFORMASI BERBASIS WEB\\My repository\\A3.2000024\\A3.2000024\\SIBW-A3.2000024\\vendor\\laravel\\framework\\src\\Illuminate\\Foundation\\Http\\Middleware\\TransformsRequest.php(21): Illuminate\\Pipeline\\Pipeline->Illuminate\\Pipeline\\{closure}(Object(Illuminate\\Http\\Request))
#30 C:\\KULIAH\\KULIAH SEMESTER 5\\SISTEM INFORMASI BERBASIS WEB\\My repository\\A3.2000024\\A3.2000024\\SIBW-A3.2000024\\vendor\\laravel\\framework\\src\\Illuminate\\Foundation\\Http\\Middleware\\TrimStrings.php(40): Illuminate\\Foundation\\Http\\Middleware\\TransformsRequest->handle(Object(Illuminate\\Http\\Request), Object(Closure))
#31 C:\\KULIAH\\KULIAH SEMESTER 5\\SISTEM INFORMASI BERBASIS WEB\\My repository\\A3.2000024\\A3.2000024\\SIBW-A3.2000024\\vendor\\laravel\\framework\\src\\Illuminate\\Pipeline\\Pipeline.php(180): Illuminate\\Foundation\\Http\\Middleware\\TrimStrings->handle(Object(Illuminate\\Http\\Request), Object(Closure))
#32 C:\\KULIAH\\KULIAH SEMESTER 5\\SISTEM INFORMASI BERBASIS WEB\\My repository\\A3.2000024\\A3.2000024\\SIBW-A3.2000024\\vendor\\laravel\\framework\\src\\Illuminate\\Foundation\\Http\\Middleware\\ValidatePostSize.php(27): Illuminate\\Pipeline\\Pipeline->Illuminate\\Pipeline\\{closure}(Object(Illuminate\\Http\\Request))
#33 C:\\KULIAH\\KULIAH SEMESTER 5\\SISTEM INFORMASI BERBASIS WEB\\My repository\\A3.2000024\\A3.2000024\\SIBW-A3.2000024\\vendor\\laravel\\framework\\src\\Illuminate\\Pipeline\\Pipeline.php(180): Illuminate\\Foundation\\Http\\Middleware\\ValidatePostSize->handle(Object(Illuminate\\Http\\Request), Object(Closure))
#34 C:\\KULIAH\\KULIAH SEMESTER 5\\SISTEM INFORMASI BERBASIS WEB\\My repository\\A3.2000024\\A3.2000024\\SIBW-A3.2000024\\vendor\\laravel\\framework\\src\\Illuminate\\Foundation\\Http\\Middleware\\PreventRequestsDuringMaintenance.php(86): Illuminate\\Pipeline\\Pipeline->Illuminate\\Pipeline\\{closure}(Object(Illuminate\\Http\\Request))
#35 C:\\KULIAH\\KULIAH SEMESTER 5\\SISTEM INFORMASI BERBASIS WEB\\My repository\\A3.2000024\\A3.2000024\\SIBW-A3.2000024\\vendor\\laravel\\framework\\src\\Illuminate\\Pipeline\\Pipeline.php(180): Illuminate\\Foundation\\Http\\Middleware\\PreventRequestsDuringMaintenance->handle(Object(Illuminate\\Http\\Request), Object(Closure))
#36 C:\\KULIAH\\KULIAH SEMESTER 5\\SISTEM INFORMASI BERBASIS WEB\\My repository\\A3.2000024\\A3.2000024\\SIBW-A3.2000024\\vendor\\laravel\\framework\\src\\Illuminate\\Http\\Middleware\\HandleCors.php(49): Illuminate\\Pipeline\\Pipeline->Illuminate\\Pipeline\\{closure}(Object(Illuminate\\Http\\Request))
#37 C:\\KULIAH\\KULIAH SEMESTER 5\\SISTEM INFORMASI BERBASIS WEB\\My repository\\A3.2000024\\A3.2000024\\SIBW-A3.2000024\\vendor\\laravel\\framework\\src\\Illuminate\\Pipeline\\Pipeline.php(180): Illuminate\\Http\\Middleware\\HandleCors->handle(Object(Illuminate\\Http\\Request), Object(Closure))
#38 C:\\KULIAH\\KULIAH SEMESTER 5\\SISTEM INFORMASI BERBASIS WEB\\My repository\\A3.2000024\\A3.2000024\\SIBW-A3.2000024\\vendor\\laravel\\framework\\src\\Illuminate\\Http\\Middleware\\TrustProxies.php(39): Illuminate\\Pipeline\\Pipeline->Illuminate\\Pipeline\\{closure}(Object(Illuminate\\Http\\Request))
#39 C:\\KULIAH\\KULIAH SEMESTER 5\\SISTEM INFORMASI BERBASIS WEB\\My repository\\A3.2000024\\A3.2000024\\SIBW-A3.2000024\\vendor\\laravel\\framework\\src\\Illuminate\\Pipeline\\Pipeline.php(180): Illuminate\\Http\\Middleware\\TrustProxies->handle(Object(Illuminate\\Http\\Request), Object(Closure))
#40 C:\\KULIAH\\KULIAH SEMESTER 5\\SISTEM INFORMASI BERBASIS WEB\\My repository\\A3.2000024\\A3.2000024\\SIBW-A3.2000024\\vendor\\laravel\\framework\\src\\Illuminate\\Pipeline\\Pipeline.php(116): Illuminate\\Pipeline\\Pipeline->Illuminate\\Pipeline\\{closure}(Object(Illuminate\\Http\\Request))
#41 C:\\KULIAH\\KULIAH SEMESTER 5\\SISTEM INFORMASI BERBASIS WEB\\My repository\\A3.2000024\\A3.2000024\\SIBW-A3.2000024\\vendor\\laravel\\framework\\src\\Illuminate\\Foundation\\Http\\Kernel.php(165): Illuminate\\Pipeline\\Pipeline->then(Object(Closure))
#42 C:\\KULIAH\\KULIAH SEMESTER 5\\SISTEM INFORMASI BERBASIS WEB\\My repository\\A3.2000024\\A3.2000024\\SIBW-A3.2000024\\vendor\\laravel\\framework\\src\\Illuminate\\Foundation\\Http\\Kernel.php(134): Illuminate\\Foundation\\Http\\Kernel->sendRequestThroughRouter(Object(Illuminate\\Http\\Request))
#43 C:\\KULIAH\\KULIAH SEMESTER 5\\SISTEM INFORMASI BERBASIS WEB\\My repository\\A3.2000024\\A3.2000024\\SIBW-A3.2000024\\public\\index.php(52): Illuminate\\Foundation\\Http\\Kernel->handle(Object(Illuminate\\Http\\Request))
#44 C:\\KULIAH\\KULIAH SEMESTER 5\\SISTEM INFORMASI BERBASIS WEB\\My repository\\A3.2000024\\A3.2000024\\SIBW-A3.2000024\\vendor\\laravel\\framework\\src\\Illuminate\\Foundation\\resources\\server.php(16): require_once('C:\\\\KULIAH\\\\KULIA...')
#45 {main}
"} 
[2022-11-29 14:42:46] laravel.EMERGENCY: Unable to create configured logger. Using emergency logger. {"exception":"[object] (InvalidArgumentException(code: 0): Log [] is not defined. at C:\\KULIAH\\KULIAH SEMESTER 5\\SISTEM INFORMASI BERBASIS WEB\\My repository\\A3.2000024\\A3.2000024\\SIBW-A3.2000024\\vendor\\laravel\\framework\\src\\Illuminate\\Log\\LogManager.php:207)
[stacktrace]
#0 C:\\KULIAH\\KULIAH SEMESTER 5\\SISTEM INFORMASI BERBASIS WEB\\My repository\\A3.2000024\\A3.2000024\\SIBW-A3.2000024\\vendor\\laravel\\framework\\src\\Illuminate\\Log\\LogManager.php(132): Illuminate\\Log\\LogManager->resolve(NULL, NULL)
#1 C:\\KULIAH\\KULIAH SEMESTER 5\\SISTEM INFORMASI BERBASIS WEB\\My repository\\A3.2000024\\A3.2000024\\SIBW-A3.2000024\\vendor\\laravel\\framework\\src\\Illuminate\\Log\\LogManager.php(119): Illuminate\\Log\\LogManager->get(NULL)
#2 C:\\KULIAH\\KULIAH SEMESTER 5\\SISTEM INFORMASI BERBASIS WEB\\My repository\\A3.2000024\\A3.2000024\\SIBW-A3.2000024\\vendor\\laravel\\framework\\src\\Illuminate\\Log\\LogManager.php(642): Illuminate\\Log\\LogManager->driver()
#3 C:\\KULIAH\\KULIAH SEMESTER 5\\SISTEM INFORMASI BERBASIS WEB\\My repository\\A3.2000024\\A3.2000024\\SIBW-A3.2000024\\vendor\\laravel\\framework\\src\\Illuminate\\Foundation\\Exceptions\\Handler.php(278): Illuminate\\Log\\LogManager->error('syntax error, u...', Array)
#4 C:\\KULIAH\\KULIAH SEMESTER 5\\SISTEM INFORMASI BERBASIS WEB\\My repository\\A3.2000024\\A3.2000024\\SIBW-A3.2000024\\vendor\\laravel\\framework\\src\\Illuminate\\Foundation\\Console\\Kernel.php(454): Illuminate\\Foundation\\Exceptions\\Handler->report(Object(ParseError))
#5 C:\\KULIAH\\KULIAH SEMESTER 5\\SISTEM INFORMASI BERBASIS WEB\\My repository\\A3.2000024\\A3.2000024\\SIBW-A3.2000024\\vendor\\laravel\\framework\\src\\Illuminate\\Foundation\\Console\\Kernel.php(157): Illuminate\\Foundation\\Console\\Kernel->reportException(Object(ParseError))
#6 C:\\KULIAH\\KULIAH SEMESTER 5\\SISTEM INFORMASI BERBASIS WEB\\My repository\\A3.2000024\\A3.2000024\\SIBW-A3.2000024\\artisan(37): Illuminate\\Foundation\\Console\\Kernel->handle(Object(Symfony\\Component\\Console\\Input\\ArgvInput), Object(Symfony\\Component\\Console\\Output\\ConsoleOutput))
#7 {main}
"} 
[2022-11-29 14:42:46] laravel.ERROR: syntax error, unexpected token ")" {"exception":"[object] (ParseError(code: 0): syntax error, unexpected token \")\" at C:\\KULIAH\\KULIAH SEMESTER 5\\SISTEM INFORMASI BERBASIS WEB\\My repository\\A3.2000024\\A3.2000024\\SIBW-A3.2000024\\vendor\\symfony\\finder\\Finder.php:588)
[stacktrace]
#0 C:\\KULIAH\\KULIAH SEMESTER 5\\SISTEM INFORMASI BERBASIS WEB\\My repository\\A3.2000024\\A3.2000024\\SIBW-A3.2000024\\vendor\\composer\\ClassLoader.php(428): Composer\\Autoload\\includeFile('C:\\\\KULIAH\\\\KULIA...')
#1 C:\\KULIAH\\KULIAH SEMESTER 5\\SISTEM INFORMASI BERBASIS WEB\\My repository\\A3.2000024\\A3.2000024\\SIBW-A3.2000024\\vendor\\laravel\\framework\\src\\Illuminate\\Foundation\\Bootstrap\\LoadConfiguration.php(86): Composer\\Autoload\\ClassLoader->loadClass('Symfony\\\\Compone...')
#2 C:\\KULIAH\\KULIAH SEMESTER 5\\SISTEM INFORMASI BERBASIS WEB\\My repository\\A3.2000024\\A3.2000024\\SIBW-A3.2000024\\vendor\\laravel\\framework\\src\\Illuminate\\Foundation\\Bootstrap\\LoadConfiguration.php(63): Illuminate\\Foundation\\Bootstrap\\LoadConfiguration->getConfigurationFiles(Object(Illuminate\\Foundation\\Application))
#3 C:\\KULIAH\\KULIAH SEMESTER 5\\SISTEM INFORMASI BERBASIS WEB\\My repository\\A3.2000024\\A3.2000024\\SIBW-A3.2000024\\vendor\\laravel\\framework\\src\\Illuminate\\Foundation\\Bootstrap\\LoadConfiguration.php(39): Illuminate\\Foundation\\Bootstrap\\LoadConfiguration->loadConfigurationFiles(Object(Illuminate\\Foundation\\Application), Object(Illuminate\\Config\\Repository))
#4 C:\\KULIAH\\KULIAH SEMESTER 5\\SISTEM INFORMASI BERBASIS WEB\\My repository\\A3.2000024\\A3.2000024\\SIBW-A3.2000024\\vendor\\laravel\\framework\\src\\Illuminate\\Foundation\\Application.php(242): Illuminate\\Foundation\\Bootstrap\\LoadConfiguration->bootstrap(Object(Illuminate\\Foundation\\Application))
#5 C:\\KULIAH\\KULIAH SEMESTER 5\\SISTEM INFORMASI BERBASIS WEB\\My repository\\A3.2000024\\A3.2000024\\SIBW-A3.2000024\\vendor\\laravel\\framework\\src\\Illuminate\\Foundation\\Console\\Kernel.php(383): Illuminate\\Foundation\\Application->bootstrapWith(Array)
#6 C:\\KULIAH\\KULIAH SEMESTER 5\\SISTEM INFORMASI BERBASIS WEB\\My repository\\A3.2000024\\A3.2000024\\SIBW-A3.2000024\\vendor\\laravel\\framework\\src\\Illuminate\\Foundation\\Console\\Kernel.php(153): Illuminate\\Foundation\\Console\\Kernel->bootstrap()
#7 C:\\KULIAH\\KULIAH SEMESTER 5\\SISTEM INFORMASI BERBASIS WEB\\My repository\\A3.2000024\\A3.2000024\\SIBW-A3.2000024\\artisan(37): Illuminate\\Foundation\\Console\\Kernel->handle(Object(Symfony\\Component\\Console\\Input\\ArgvInput), Object(Symfony\\Component\\Console\\Output\\ConsoleOutput))
#8 {main}
"} 
[2022-11-29 14:57:15] laravel.EMERGENCY: Unable to create configured logger. Using emergency logger. {"exception":"[object] (InvalidArgumentException(code: 0): Log [] is not defined. at C:\\KULIAH\\KULIAH SEMESTER 5\\SISTEM INFORMASI BERBASIS WEB\\My repository\\A3.2000024\\A3.2000024\\SIBW-A3.2000024\\vendor\\laravel\\framework\\src\\Illuminate\\Log\\LogManager.php:207)
[stacktrace]
#0 C:\\KULIAH\\KULIAH SEMESTER 5\\SISTEM INFORMASI BERBASIS WEB\\My repository\\A3.2000024\\A3.2000024\\SIBW-A3.2000024\\vendor\\laravel\\framework\\src\\Illuminate\\Log\\LogManager.php(132): Illuminate\\Log\\LogManager->resolve(NULL, NULL)
#1 C:\\KULIAH\\KULIAH SEMESTER 5\\SISTEM INFORMASI BERBASIS WEB\\My repository\\A3.2000024\\A3.2000024\\SIBW-A3.2000024\\vendor\\laravel\\framework\\src\\Illuminate\\Log\\LogManager.php(119): Illuminate\\Log\\LogManager->get(NULL)
#2 C:\\KULIAH\\KULIAH SEMESTER 5\\SISTEM INFORMASI BERBASIS WEB\\My repository\\A3.2000024\\A3.2000024\\SIBW-A3.2000024\\vendor\\laravel\\framework\\src\\Illuminate\\Log\\LogManager.php(642): Illuminate\\Log\\LogManager->driver()
#3 C:\\KULIAH\\KULIAH SEMESTER 5\\SISTEM INFORMASI BERBASIS WEB\\My repository\\A3.2000024\\A3.2000024\\SIBW-A3.2000024\\vendor\\laravel\\framework\\src\\Illuminate\\Foundation\\Exceptions\\Handler.php(278): Illuminate\\Log\\LogManager->error('syntax error, u...', Array)
#4 C:\\KULIAH\\KULIAH SEMESTER 5\\SISTEM INFORMASI BERBASIS WEB\\My repository\\A3.2000024\\A3.2000024\\SIBW-A3.2000024\\vendor\\laravel\\framework\\src\\Illuminate\\Foundation\\Console\\Kernel.php(454): Illuminate\\Foundation\\Exceptions\\Handler->report(Object(ParseError))
#5 C:\\KULIAH\\KULIAH SEMESTER 5\\SISTEM INFORMASI BERBASIS WEB\\My repository\\A3.2000024\\A3.2000024\\SIBW-A3.2000024\\vendor\\laravel\\framework\\src\\Illuminate\\Foundation\\Console\\Kernel.php(157): Illuminate\\Foundation\\Console\\Kernel->reportException(Object(ParseError))
#6 C:\\KULIAH\\KULIAH SEMESTER 5\\SISTEM INFORMASI BERBASIS WEB\\My repository\\A3.2000024\\A3.2000024\\SIBW-A3.2000024\\artisan(37): Illuminate\\Foundation\\Console\\Kernel->handle(Object(Symfony\\Component\\Console\\Input\\ArgvInput), Object(Symfony\\Component\\Console\\Output\\ConsoleOutput))
#7 {main}
"} 
[2022-11-29 14:57:15] laravel.ERROR: syntax error, unexpected token ")" {"exception":"[object] (ParseError(code: 0): syntax error, unexpected token \")\" at C:\\KULIAH\\KULIAH SEMESTER 5\\SISTEM INFORMASI BERBASIS WEB\\My repository\\A3.2000024\\A3.2000024\\SIBW-A3.2000024\\vendor\\symfony\\finder\\Finder.php:588)
[stacktrace]
#0 C:\\KULIAH\\KULIAH SEMESTER 5\\SISTEM INFORMASI BERBASIS WEB\\My repository\\A3.2000024\\A3.2000024\\SIBW-A3.2000024\\vendor\\composer\\ClassLoader.php(428): Composer\\Autoload\\includeFile('C:\\\\KULIAH\\\\KULIA...')
#1 C:\\KULIAH\\KULIAH SEMESTER 5\\SISTEM INFORMASI BERBASIS WEB\\My repository\\A3.2000024\\A3.2000024\\SIBW-A3.2000024\\vendor\\laravel\\framework\\src\\Illuminate\\Foundation\\Bootstrap\\LoadConfiguration.php(86): Composer\\Autoload\\ClassLoader->loadClass('Symfony\\\\Compone...')
#2 C:\\KULIAH\\KULIAH SEMESTER 5\\SISTEM INFORMASI BERBASIS WEB\\My repository\\A3.2000024\\A3.2000024\\SIBW-A3.2000024\\vendor\\laravel\\framework\\src\\Illuminate\\Foundation\\Bootstrap\\LoadConfiguration.php(63): Illuminate\\Foundation\\Bootstrap\\LoadConfiguration->getConfigurationFiles(Object(Illuminate\\Foundation\\Application))
#3 C:\\KULIAH\\KULIAH SEMESTER 5\\SISTEM INFORMASI BERBASIS WEB\\My repository\\A3.2000024\\A3.2000024\\SIBW-A3.2000024\\vendor\\laravel\\framework\\src\\Illuminate\\Foundation\\Bootstrap\\LoadConfiguration.php(39): Illuminate\\Foundation\\Bootstrap\\LoadConfiguration->loadConfigurationFiles(Object(Illuminate\\Foundation\\Application), Object(Illuminate\\Config\\Repository))
#4 C:\\KULIAH\\KULIAH SEMESTER 5\\SISTEM INFORMASI BERBASIS WEB\\My repository\\A3.2000024\\A3.2000024\\SIBW-A3.2000024\\vendor\\laravel\\framework\\src\\Illuminate\\Foundation\\Application.php(242): Illuminate\\Foundation\\Bootstrap\\LoadConfiguration->bootstrap(Object(Illuminate\\Foundation\\Application))
#5 C:\\KULIAH\\KULIAH SEMESTER 5\\SISTEM INFORMASI BERBASIS WEB\\My repository\\A3.2000024\\A3.2000024\\SIBW-A3.2000024\\vendor\\laravel\\framework\\src\\Illuminate\\Foundation\\Console\\Kernel.php(383): Illuminate\\Foundation\\Application->bootstrapWith(Array)
#6 C:\\KULIAH\\KULIAH SEMESTER 5\\SISTEM INFORMASI BERBASIS WEB\\My repository\\A3.2000024\\A3.2000024\\SIBW-A3.2000024\\vendor\\laravel\\framework\\src\\Illuminate\\Foundation\\Console\\Kernel.php(153): Illuminate\\Foundation\\Console\\Kernel->bootstrap()
#7 C:\\KULIAH\\KULIAH SEMESTER 5\\SISTEM INFORMASI BERBASIS WEB\\My repository\\A3.2000024\\A3.2000024\\SIBW-A3.2000024\\artisan(37): Illuminate\\Foundation\\Console\\Kernel->handle(Object(Symfony\\Component\\Console\\Input\\ArgvInput), Object(Symfony\\Component\\Console\\Output\\ConsoleOutput))
#8 {main}
"} 
